Mon 12:28: ########################################## 
Mon 12:28: Compiling.
Mon 12:28: ########################################## 

Mon 12:28: MaxCompiler version: 2015.1.
Mon 12:28: Build Simulation run rule for DFE_QPHIX start time: Mon Jul 20 12:28:35 BST 2015.
Mon 12:28: Project location: /home/skamali/workspace3/DFE_QPHIX.
Mon 12:28: Detailed build log: /home/skamali/workspace3/DFE_QPHIX/RunRules/Simulation/build.log.

Mon 12:28: Compiling Engine Code.
Mon 12:28: Building S_LQCD.max file. 
Mon 12:28: Setting environment variable:
Mon 12:28: MAXCOMPILER_BUILD_DIR : /network-scratch/skamali/maxdc_builds/
Mon 12:28: MAX_BUILDPARAMS : DFEModel='MAIA' target='DFE_SIM' maxFileName='S_LQCD'  
Mon 12:28: Building output:
Mon 12:28: MaxCompiler version: 2015.1
Mon 12:28: Build "S_LQCD" start time: Mon Jul 20 12:28:37 BST 2015
Mon 12:28: Main build process running as user skamali on host nxws20.office.maxeler.com
Mon 12:28: Build location: /scratch/skamali/maxdc_builds/20-07-15/S_LQCD_DFE_SIM_128_32_16_16
Mon 12:28: Detailed build log available in "_build.log"
Mon 12:28: 
Mon 12:28: ENGINE BUILD PARAMETERS
Mon 12:28: 	 Build name: S_LQCD_DFE_SIM_128_32_16_16
Mon 12:28: 	   DFEModel: MAIA                       
Mon 12:28: 	maxFileName: S_LQCD                     
Mon 12:28: 	     target: DFE_SIM                    
Mon 12:28: 	 enableMPCX: false                      
Mon 12:28: 	          T: 128                        
Mon 12:28: 	         LZ: 16                         
Mon 12:28: 	         LY: 16                         
Mon 12:28: 	         LX: 32                         
Mon 12:28: 	          P: 8                          
Mon 12:28: 	LOOP_OFFSET: 16                         
Mon 12:28: 	  spCmdSize: 128                        
Mon 12:28: 	   GCmdSize: 128                        
Mon 12:28: 	     VOLUME: 1048576                    
Mon 12:28: Instantiating kernel "diracKernel"
Mon 12:28: Depth: 16896
Mon 12:28: Instantiating kernel "gWriteCmdKernel"
Mon 12:28: Instantiating kernel "gReadCmdKernel"
Mon 12:28: Instantiating kernel "spWriteCmdKernel"
Mon 12:28: Instantiating kernel "spReadCmdKernel0"
Mon 12:28: Instantiating kernel "spReadCmdKernel1"
Mon 12:28: 
Mon 12:28: Compiling kernel "diracKernel"
Mon 12:28: 
Mon 12:28: Compiling kernel "gWriteCmdKernel"
Mon 12:28: 
Mon 12:28: Compiling kernel "gReadCmdKernel"
Mon 12:28: 
Mon 12:28: Compiling kernel "spWriteCmdKernel"
Mon 12:28: 
Mon 12:28: Compiling kernel "spReadCmdKernel0"
Mon 12:28: 
Mon 12:28: Compiling kernel "spReadCmdKernel1"
Mon 12:28: WARNING: Transitioning from non-multiple stream widths 1536 to 2304 via a stream of width 4608 is suboptimal for performance and resource utilization.  Use Manager.setAllowNonMultipleTransitions(true) or config.setAllowNonMultipleTransitions(true) (in a CustomManager) to allow such transitions.
Mon 12:28: WARNING: Source='gfromlmem.gfromlmem' Sink='diracKernel.diracKernel_gauge'
Mon 12:28: Running back-end simulation build (3 phases)
Mon 12:28: (1/3) - Prepare MaxFile Data (GenerateMaxFileDataFile)
Mon 12:28: (2/3) - Compile Simulation Modules (SimCompilePass)
Mon 12:29: (3/3) - Generate MaxFile (AddSimObjectToMaxFilePass)
Mon 12:29: MaxFile: /scratch/skamali/maxdc_builds/20-07-15/S_LQCD_DFE_SIM_128_32_16_16/results/S_LQCD.max (MD5Sum: 0514474ae3829180003f6b4927d32509)
Mon 12:29: Build completed: Mon Jul 20 12:29:27 BST 2015 (took 49 secs)
Mon 12:29: Executing command:
Mon 12:29: cp /home/skamali/workspace3/DFE_QPHIX/RunRules/Simulation/maxfiles/S_LQCD.h /home/skamali/workspace3/DFE_QPHIX/RunRules/Simulation/include/S_LQCD.h 
Mon 12:29: Command output:
Mon 12:29: Building: S_LQCD.max file finished.
Mon 12:29: Engine build finished.
Mon 12:29: Compiling CPU Code.
Mon 12:29: Run CPU project make files updating
Mon 12:29: Executing command:
Mon 12:29: java -jar /network-raid/opt/maxcompiler-2015.1/lib/MaxIDE/projectAdmin.jar -u /home/skamali/workspace3/DFE_QPHIX Simulation 
Mon 12:29: Command output:

Mon 12:29: MaxCompiler Project Admin Tool Version 2015.1.00001
Mon 12:29:  Copyright Maxeler Technologies 2010 - 2015. All rights reserved.
Mon 12:29: Handler version 2
Mon 12:29: Updating RunRule dependent Makefiles for RunRule 'Simulation'
Mon 12:29: 	Updating: Simulation
Mon 12:29: Found makefiles: 1
Mon 12:29: 	Updated: Simulation
Mon 12:29: Run CPU make.
Mon 12:29: make RUNRULE=Simulation 
Mon 12:29: Command output:
Mon 12:29: make -f Makefile.rules build
Mon 12:29: make[1]: Entering directory `/home/skamali/workspace3/DFE_QPHIX/CPUCode'
Mon 12:29: set -e; rm -f ../RunRules/Simulation/objects/c/S_LQCDCpuCode.d ;                                                             \
Mon 12:29: 	  cc -M -std=gnu99 -g -O3 -Wall -Wextra -I../RunRules/Simulation/include  -I '/network-raid/opt/maxcompiler-2015.1/include/slic'  -Wno-error S_LQCDCpuCode.c > ../RunRules/Simulation/objects/c/S_LQCDCpuCode.d.$$ ;                                 \
Mon 12:29:       sed 's,\(S_LQCDCpuCode\)\.o[ :]*,../RunRules/Simulation/objects/c/\1.o ../RunRules/Simulation/objects/c/S_LQCDCpuCode.d : ,g' < ../RunRules/Simulation/objects/c/S_LQCDCpuCode.d.$$ > ../RunRules/Simulation/objects/c/S_LQCDCpuCode.d; \
Mon 12:29:       rm -f ../RunRules/Simulation/objects/c/S_LQCDCpuCode.d.$$
Mon 12:29: make[1]: Leaving directory `/home/skamali/workspace3/DFE_QPHIX/CPUCode'
Mon 12:29: make[1]: Entering directory `/home/skamali/workspace3/DFE_QPHIX/CPUCode'
Mon 12:29: "/network-raid/opt/maxcompiler-2015.1/bin/sliccompile" ../RunRules/Simulation/maxfiles/S_LQCD.max ../RunRules/Simulation/objects/maxfiles/slic_S_LQCD.o
Mon 12:29: Processing maxfile for MAIA_SIM from '../RunRules/Simulation/maxfiles/S_LQCD.max'.
Mon 12:29: gcc -std=gnu99 -Wall -Werror -fno-guess-branch-probability -frandom-seed=foo -Wno-unused-variable -Wno-unused-function -fPIC -I /network-raid/opt/maxcompiler-2015.1/include/slic -DMAXFILE_INC="/home/skamali/workspace3/DFE_QPHIX/CPUCode/../RunRules/Simulation/maxfiles/S_LQCD.max" -DSLIC_NO_DESTRUCTORS -c /network-raid/opt/maxcompiler-2015.1/src/slicinterface/MaxFileInit.c -o slic_S_LQCD.o 
Mon 12:29: Copying .max file C object into '/home/skamali/workspace3/DFE_QPHIX/CPUCode/../RunRules/Simulation/objects/maxfiles'
Mon 12:29: cc -std=gnu99 -g -O3 -Wall -Wextra -I../RunRules/Simulation/include  -I '/network-raid/opt/maxcompiler-2015.1/include/slic'  -c S_LQCDCpuCode.c -o ../RunRules/Simulation/objects/c/S_LQCDCpuCode.o
Mon 12:29: cc -std=gnu99 -g -O3 -Wall -Wextra -I../RunRules/Simulation/include  -I '/network-raid/opt/maxcompiler-2015.1/include/slic'  -o ../RunRules/Simulation/binaries/S_LQCD ../RunRules/Simulation/objects/maxfiles/slic_S_LQCD.o ../RunRules/Simulation/objects/c/S_LQCDCpuCode.o -g -O3  -L '/network-raid/opt/maxcompiler-2015.1/lib' -lslic -L '/network-raid/opt/maxeleros-2015.1/maxeleros/lib' -lmaxeleros -lpthread -lm -lrt 
Mon 12:29: make[1]: Leaving directory `/home/skamali/workspace3/DFE_QPHIX/CPUCode'
Mon 12:29: Build completed: Mon Jul 20 12:29:33 BST 2015


