Mon 12:35: ########################################## 
Mon 12:35: Compiling.
Mon 12:35: ########################################## 

Mon 12:35: MaxCompiler version: 2015.1.
Mon 12:35: Build DFE run rule for DFE_QPHIX start time: Mon Jul 20 12:35:08 BST 2015.
Mon 12:35: Project location: /home/skamali/workspace3/DFE_QPHIX.
Mon 12:35: Detailed build log: /home/skamali/workspace3/DFE_QPHIX/RunRules/DFE/build.log.

Mon 12:35: Compiling Engine Code.
Mon 12:35: Building S_LQCD.max file. 
Mon 12:35: Setting environment variable:
Mon 12:35: MAXCOMPILER_BUILD_DIR : /network-scratch/skamali/maxdc_builds/
Mon 12:35: MAX_BUILDPARAMS : DFEModel='MAIA' target='DFE' maxFileName='S_LQCD' MPPREndCT='8' MPPRThreads='4'  
Mon 12:35: Building output:
Mon 12:35: MaxCompiler version: 2015.1
Mon 12:35: Build "S_LQCD" start time: Mon Jul 20 12:35:11 BST 2015
Mon 12:35: Main build process running as user skamali on host nxws20.office.maxeler.com
Mon 12:35: Build location: /scratch/skamali/maxdc_builds/20-07-15/S_LQCD_DFE_128_32_16_16
Mon 12:35: Detailed build log available in "_build.log"
Mon 12:35: 
Mon 12:35: ENGINE BUILD PARAMETERS
Mon 12:35: 	        Build name: S_LQCD_DFE_128_32_16_16
Mon 12:35: 	          DFEModel: MAIA                   
Mon 12:35: 	       maxFileName: S_LQCD                 
Mon 12:35: 	            target: DFE                    
Mon 12:35: 	        enableMPCX: false                  
Mon 12:35: 	       MPPRStartCT: 1                      
Mon 12:35: 	         MPPREndCT: 8                      
Mon 12:35: 	       MPPRThreads: 4                      
Mon 12:35: 	MPPRRetryThreshold: 0                      
Mon 12:35: 	                 T: 128                    
Mon 12:35: 	                LZ: 16                     
Mon 12:35: 	                LY: 16                     
Mon 12:35: 	                LX: 32                     
Mon 12:35: 	                 P: 8                      
Mon 12:35: 	       LOOP_OFFSET: 16                     
Mon 12:35: 	         spCmdSize: 128                    
Mon 12:35: 	          GCmdSize: 128                    
Mon 12:35: 	            VOLUME: 1048576                
Mon 12:35: Instantiating kernel "diracKernel"
Mon 12:35: Depth: 16896
Mon 12:35: Instantiating kernel "gWriteCmdKernel"
Mon 12:35: Instantiating kernel "gReadCmdKernel"
Mon 12:35: Instantiating kernel "spWriteCmdKernel"
Mon 12:35: Instantiating kernel "spReadCmdKernel0"
Mon 12:35: Instantiating kernel "spReadCmdKernel1"
Mon 12:35: WARNING: Transitioning from non-multiple stream widths 3072 to 2304 via a stream of width 9216 is suboptimal for performance and resource utilization.  Use Manager.setAllowNonMultipleTransitions(true) or config.setAllowNonMultipleTransitions(true) (in a CustomManager) to allow such transitions.
Mon 12:35: WARNING: Source='gfromlmem.gfromlmem' Sink='diracKernel.diracKernel_gauge'
Mon 12:35: 
Mon 12:35: Compiling kernel "diracKernel"
Mon 12:35: 
Mon 12:35: Compiling kernel "gWriteCmdKernel"
Mon 12:35: 
Mon 12:35: Compiling kernel "gReadCmdKernel"
Mon 12:35: 
Mon 12:35: Compiling kernel "spWriteCmdKernel"
Mon 12:35: 
Mon 12:35: Compiling kernel "spReadCmdKernel0"
Mon 12:35: 
Mon 12:35: Compiling kernel "spReadCmdKernel1"
Mon 12:36: Generating input files (VHDL, netlists, MegaWizard/CoreGen)
Mon 12:36: Running back-end  build (16 phases)
Mon 12:36: (1/16) - Prepare MaxFile Data (GenerateMaxFileDataFile)
Mon 12:36: (2/16) - Prepare for Placement (QuartusMap)
Mon 14:09: (3/16) - Generate Incremental Netlist (QuartusCdb)
Mon 14:18: (4/16) - Generate Resource Report (AlteraResourceUsageBuildPass)
Mon 14:19: (5/16) - Generate Annotated Source Code (AlteraResourceAnnotationBuildPass)
Mon 14:20: (6/16) - Analyse Resource Usage (AlteraResourceCounterPass)
Mon 14:20: 
Mon 14:20: About to start chip vendor Map/Place/Route toolflow. This will take some time.
Mon 14:20: For this compile, we estimate this process may take longer than 1 hour.
Mon 14:20: We recommend running in simulation to verify correctness before building hardware.
Mon 14:20: 
Mon 14:20: PRELIMINARY RESOURCE USAGE
Mon 14:20: WARNING: Logic utilization may be optimized significantly and final utilization can be below 100%.Mon 14:20: Logic utilization:     325628 / 262400   (124.10%)
Mon 14:20: Multipliers (18x18):      720 / 3926     (18.34%)
Mon 14:20: Block memory (bits): 44113802 / 52572160 (83.91%)
Mon 14:20: 
Mon 14:20: 
Mon 14:20: (7/16) - Place and Route DFE (AlteraMPPR)
Mon 14:20: Executing MPPR with 8 cost tables and 4 threads.
Mon 14:20: MPPR: Starting 8 cost tables

Mon 17:37: ERROR: MPPR: Failed run: Error running external tool :-
Mon 17:37: ERROR: Problem            : [Cost table 4] external process failed: Command failed with exit code: 3. Log file: /network-infrastructure/maxq/maxq_skamali_2015_jul_20_14.23.03_log_stderr_stdout_29923.log
Mon 17:37: ERROR: Program log        : /network-infrastructure/maxq/maxq_skamali_2015_jul_20_14.23.03_log_stderr_stdout_29923.log
Mon 17:37: ERROR: Command run        : export LM_LICENSE_FILE="$LM_LICENSE_FILE:$MAXCOMPILERDIR/lib/MaxCompilerQuartusLicense.dat" ; source /network-raid/opt/quartus-13.1/quartus_path.sh; ulimit -v 33792000;quartus_fit MAX4MAIAPeripheryTop --64bit --write_settings_files=off --parallel=3 --set PLACEMENT_EFFORT_MULTIPLIER=4 --seed=4
Mon 17:37: ERROR: Directory run in   : /scratch/skamali/maxdc_builds/20-07-15/S_LQCD_DFE_128_32_16_16/scratch/altera_quartus/ct4/./altera_quartus
Mon 17:37: ERROR: Exit code          : 3
Mon 17:37: ERROR: Detailed build log : /scratch/skamali/maxdc_builds/20-07-15/S_LQCD_DFE_128_32_16_16/scratch/altera_quartus/ct4/_build.log
Mon 17:37: ERROR: MPPR: Failed run: Error running external tool :-
Mon 17:37: ERROR: Problem            : [Cost table 3] external process failed: Command failed with exit code: 3. Log file: /network-infrastructure/maxq/maxq_skamali_2015_jul_20_14.23.04_log_stderr_stdout_29925.log
Mon 17:37: ERROR: Program log        : /network-infrastructure/maxq/maxq_skamali_2015_jul_20_14.23.04_log_stderr_stdout_29925.log
Mon 17:37: ERROR: Command run        : export LM_LICENSE_FILE="$LM_LICENSE_FILE:$MAXCOMPILERDIR/lib/MaxCompilerQuartusLicense.dat" ; source /network-raid/opt/quartus-13.1/quartus_path.sh; ulimit -v 33792000;quartus_fit MAX4MAIAPeripheryTop --64bit --write_settings_files=off --parallel=3 --set PLACEMENT_EFFORT_MULTIPLIER=4 --seed=3
Mon 17:37: ERROR: Directory run in   : /scratch/skamali/maxdc_builds/20-07-15/S_LQCD_DFE_128_32_16_16/scratch/altera_quartus/ct3/./altera_quartus
Mon 17:37: ERROR: Exit code          : 3
Mon 17:37: ERROR: Detailed build log : /scratch/skamali/maxdc_builds/20-07-15/S_LQCD_DFE_128_32_16_16/scratch/altera_quartus/ct3/_build.log
Mon 17:38: ERROR: MPPR: Failed run: Error running external tool :-
Mon 17:38: ERROR: Problem            : [Cost table 1] external process failed: Command failed with exit code: 3. Log file: /network-infrastructure/maxq/maxq_skamali_2015_jul_20_14.23.09_log_stderr_stdout_29926.log
Mon 17:38: ERROR: Program log        : /network-infrastructure/maxq/maxq_skamali_2015_jul_20_14.23.09_log_stderr_stdout_29926.log
Mon 17:38: ERROR: Command run        : export LM_LICENSE_FILE="$LM_LICENSE_FILE:$MAXCOMPILERDIR/lib/MaxCompilerQuartusLicense.dat" ; source /network-raid/opt/quartus-13.1/quartus_path.sh; ulimit -v 33792000;quartus_fit MAX4MAIAPeripheryTop --64bit --write_settings_files=off --parallel=3 --set PLACEMENT_EFFORT_MULTIPLIER=4 --seed=1
Mon 17:38: ERROR: Directory run in   : /scratch/skamali/maxdc_builds/20-07-15/S_LQCD_DFE_128_32_16_16/scratch/altera_quartus/ct1/./altera_quartus
Mon 17:38: ERROR: Exit code          : 3
Mon 17:38: ERROR: Detailed build log : /scratch/skamali/maxdc_builds/20-07-15/S_LQCD_DFE_128_32_16_16/scratch/altera_quartus/ct1/_build.log
Mon 17:41: ERROR: MPPR: Failed run: Error running external tool :-
Mon 17:41: ERROR: Problem            : [Cost table 2] external process failed: Command failed with exit code: 3. Log file: /network-infrastructure/maxq/maxq_skamali_2015_jul_20_14.23.03_log_stderr_stdout_29924.log
Mon 17:41: ERROR: Program log        : /network-infrastructure/maxq/maxq_skamali_2015_jul_20_14.23.03_log_stderr_stdout_29924.log
Mon 17:41: ERROR: Command run        : export LM_LICENSE_FILE="$LM_LICENSE_FILE:$MAXCOMPILERDIR/lib/MaxCompilerQuartusLicense.dat" ; source /network-raid/opt/quartus-13.1/quartus_path.sh; ulimit -v 33792000;quartus_fit MAX4MAIAPeripheryTop --64bit --write_settings_files=off --parallel=3 --set PLACEMENT_EFFORT_MULTIPLIER=4 --seed=2
Mon 17:41: ERROR: Directory run in   : /scratch/skamali/maxdc_builds/20-07-15/S_LQCD_DFE_128_32_16_16/scratch/altera_quartus/ct2/./altera_quartus
Mon 17:41: ERROR: Exit code          : 3
Mon 17:41: ERROR: Detailed build log : /scratch/skamali/maxdc_builds/20-07-15/S_LQCD_DFE_128_32_16_16/scratch/altera_quartus/ct2/_build.log
Mon 18:31: Engine build terminated by user.
Mon 18:31: Engine build terminated by user
Mon 18:31: Build failed: Mon Jul 20 18:31:43 BST 2015


